<?xml version="1.0" encoding="UTF-8"?>
<!-- Generated by org.testng.reporters.JUnitReportReporter -->
<testsuite hostname="blackberry" failures="0" tests="4" name="passenger.ViewPassengerByNameAndMobile" time="2.753" errors="0" timestamp="2025-08-13T23:55:32 IST" skipped="0">
  <testcase classname="passenger.ViewPassengerByNameAndMobile" name="testViewPassengerByNameMobile" time="0.611"/>
  <testcase classname="passenger.ViewPassengerByNameAndMobile" name="testViewPassengerByNameMobile" time="0.603"/>
  <testcase classname="passenger.ViewPassengerByNameAndMobile" name="testViewPassengerByNameMobile" time="0.820"/>
  <testcase classname="passenger.ViewPassengerByNameAndMobile" name="testViewPassengerByNameMobile" time="0.719"/>
</testsuite> <!-- passenger.ViewPassengerByNameAndMobile -->
