<?xml version="1.0" encoding="UTF-8"?>
<!-- Generated by org.testng.reporters.JUnitReportReporter -->
<testsuite hostname="blackberry" failures="0" tests="1" name="passenger.ViewPassengerList" time="1.753" errors="0" timestamp="2025-08-13T23:55:32 IST" skipped="0">
  <testcase classname="passenger.ViewPassengerList" name="testViewPassengerList" time="1.753"/>
</testsuite> <!-- passenger.ViewPassengerList -->
