<?xml version="1.0" encoding="UTF-8"?>
<!-- Generated by org.testng.reporters.JUnitReportReporter -->
<testsuite hostname="blackberry" failures="0" tests="4" name="passenger.ViewPassengerByIdTest" time="3.396" errors="0" timestamp="2025-08-13T23:55:32 IST" skipped="0">
  <testcase classname="passenger.ViewPassengerByIdTest" name="testViewPassengerById" time="1.423"/>
  <testcase classname="passenger.ViewPassengerByIdTest" name="testViewPassengerById" time="0.628"/>
  <testcase classname="passenger.ViewPassengerByIdTest" name="testViewPassengerById" time="0.715"/>
  <testcase classname="passenger.ViewPassengerByIdTest" name="testViewPassengerById" time="0.630"/>
</testsuite> <!-- passenger.ViewPassengerByIdTest -->
